<?xml version="1.0" encoding="UTF-8"?>
<!-- Generated by org.testng.reporters.JUnitReportReporter -->
<testsuite hostname="Anvi" failures="0" tests="1" name="testCases.TarlaDalalTest" time="4591.082" errors="0" timestamp="2025-05-18T13:41:28 CDT" skipped="0">
  <testcase classname="testCases.TarlaDalalTest" name="scrapeRecipes" time="4591.082"/>
</testsuite> <!-- testCases.TarlaDalalTest -->
